<?xml version="1.0" encoding="UTF-8"?>
<!-- Generated by org.testng.reporters.JUnitReportReporter -->
<testsuite hostname="DESKTOP-83QRFNQ" failures="0" tests="1" name="com.iNetBankingV1.testCases.AddCustomerTest" time="14.910" errors="0" timestamp="2021-09-09T02:13:20 IST" skipped="0">
  <testcase classname="com.iNetBankingV1.testCases.AddCustomerTest" name="addNewCustomer" time="14.910"/>
  <system-out/>
</testsuite> <!-- com.iNetBankingV1.testCases.AddCustomerTest -->
